<?xml version="1.0" encoding="UTF-8"?>
<!-- Generated by org.testng.reporters.JUnitReportReporter -->
<testsuite hostname="DESKTOP-TJCLP6F" failures="0" tests="2" name="org.test.FlipkartSigninTestclass" time="39.827" errors="0" timestamp="2021-07-12T21:55:50 IST" skipped="0">
  <testcase classname="org.test.FlipkartSigninTestclass" name="useridpass" time="21.782"/>
  <system-out/>
  <testcase classname="org.test.FlipkartSigninTestclass" name="useridpass" time="18.045"/>
  <system-out/>
</testsuite> <!-- org.test.FlipkartSigninTestclass -->
